<?xml version="1.0" encoding="UTF-8"?>
<!-- Generated by org.testng.reporters.JUnitXMLReporter -->
<testsuite ignored="0" hostname="Acer" failures="0" tests="4" name="Test" time="0.059" errors="0" timestamp="2026-05-25T17:11:02 IST">
  <testcase classname="testcases.LoginTest" name="@BeforeClass start" time="-1.779709262718E9">
    <failure type="org.testng.TestNGException" message="
Parameter &amp;apos;browser&amp;apos; is required by BeforeClass on method start but has not been marked @Optional or defined
in C:\Users\rokde\eclipse-workspace\OrangeHRM-Selenium-Framework\testng.xml">
      <![CDATA[org.testng.TestNGException: 
Parameter 'browser' is required by BeforeClass on method start but has not been marked @Optional or defined
in C:\Users\rokde\eclipse-workspace\OrangeHRM-Selenium-Framework\testng.xml
at java.base/java.util.ArrayList.forEach(ArrayList.java:1596)
... Removed 22 stack frames]]>
    </failure>
  </testcase> <!-- @BeforeClass start -->
  <testcase classname="testcases.LoginTest" name="@AfterClass close" time="0.0">
    <skipped/>
  </testcase> <!-- @AfterClass close -->
  <testcase classname="testcases.LoginTest" name="titleCheck" time="0.0">
    <skipped/>
  </testcase> <!-- titleCheck -->
  <testcase classname="testcases.LoginTest" name="textCheck" time="0.001">
    <skipped/>
  </testcase> <!-- textCheck -->
  <testcase classname="testcases.LoginTest" name="loginCheck" time="0.0">
    <skipped/>
  </testcase> <!-- loginCheck -->
  <testcase classname="testcases.LoginTest" name="logoutCheck" time="0.0">
    <skipped/>
  </testcase> <!-- logoutCheck -->
</testsuite> <!-- Test -->
