<?xml version="1.0" encoding="UTF-8"?>
<!-- Generated by org.testng.reporters.JUnitReportReporter -->
<testsuite hostname="Acer" failures="0" tests="8" name="testcases.LoginTest" time="18.751" errors="0" timestamp="2026-06-02T18:27:06 IST" skipped="0">
  <testcase classname="testcases.LoginTest" name="verifyTitle" time="0.022"/>
  <testcase classname="testcases.LoginTest" name="verifyTitle" time="0.068"/>
  <testcase classname="testcases.LoginTest" name="verifyLoginText" time="0.928"/>
  <testcase classname="testcases.LoginTest" name="verifyLoginText" time="0.378"/>
  <testcase classname="testcases.LoginTest" name="verifyLogin" time="4.983"/>
  <testcase classname="testcases.LoginTest" name="verifyLogin" time="1.942"/>
  <testcase classname="testcases.LoginTest" name="verifyLogout" time="3.874"/>
  <testcase classname="testcases.LoginTest" name="verifyLogout" time="6.556"/>
</testsuite> <!-- testcases.LoginTest -->
