<?xml version="1.0" encoding="UTF-8"?>
<!-- Generated by org.testng.reporters.JUnitReportReporter -->
<testsuite hostname="Acer" failures="0" tests="8" name="testcases.LoginTest" time="10.970" errors="0" timestamp="2026-05-26T22:58:32 IST" skipped="0">
  <testcase classname="testcases.LoginTest" name="titleCheck" time="0.012"/>
  <testcase classname="testcases.LoginTest" name="titleCheck" time="0.090"/>
  <testcase classname="testcases.LoginTest" name="textCheck" time="0.334"/>
  <testcase classname="testcases.LoginTest" name="textCheck" time="0.279"/>
  <testcase classname="testcases.LoginTest" name="loginCheck" time="1.789"/>
  <testcase classname="testcases.LoginTest" name="loginCheck" time="1.993"/>
  <testcase classname="testcases.LoginTest" name="logoutCheck" time="3.265"/>
  <testcase classname="testcases.LoginTest" name="logoutCheck" time="3.208"/>
</testsuite> <!-- testcases.LoginTest -->
