<?xml version="1.0" encoding="UTF-8"?>
<testng-results ignored="0" total="8" passed="8" failed="0" skipped="0">
  <reporter-output>
  </reporter-output>
  <suite started-at="2026-05-28T18:56:41 IST" name="OrangeHRM Suite" finished-at="2026-05-28T18:57:02 IST" duration-ms="21205">
    <groups>
    </groups>
    <test started-at="2026-05-28T18:56:41 IST" name="Chrome Test" finished-at="2026-05-28T18:56:52 IST" duration-ms="11396">
      <class name="testcases.LoginTest">
        <test-method is-config="true" signature="start(java.lang.String)[pri:0, instance:testcases.LoginTest@2d1ef81a]" started-at="2026-05-28T18:56:41 IST" name="start" finished-at="2026-05-28T18:56:47 IST" duration-ms="6155" status="PASS">
          <params>
            <param index="0">
              <value>
                <![CDATA[chrome]]>
              </value>
            </param>
          </params>
          <reporter-output>
          </reporter-output>
        </test-method> <!-- start -->
        <test-method signature="titleCheck()[pri:1, instance:testcases.LoginTest@2d1ef81a]" started-at="2026-05-28T18:56:47 IST" name="titleCheck" finished-at="2026-05-28T18:56:47 IST" duration-ms="76" status="PASS">
          <reporter-output>
          </reporter-output>
        </test-method> <!-- titleCheck -->
        <test-method signature="textCheck()[pri:2, instance:testcases.LoginTest@2d1ef81a]" started-at="2026-05-28T18:56:47 IST" name="textCheck" finished-at="2026-05-28T18:56:48 IST" depends-on-methods="testcases.LoginTest.titleCheck" duration-ms="519" status="PASS">
          <reporter-output>
          </reporter-output>
        </test-method> <!-- textCheck -->
        <test-method signature="loginCheck()[pri:3, instance:testcases.LoginTest@2d1ef81a]" started-at="2026-05-28T18:56:48 IST" name="loginCheck" finished-at="2026-05-28T18:56:49 IST" depends-on-methods="testcases.LoginTest.textCheck" duration-ms="1636" status="PASS">
          <reporter-output>
          </reporter-output>
        </test-method> <!-- loginCheck -->
        <test-method signature="logoutCheck()[pri:4, instance:testcases.LoginTest@2d1ef81a]" started-at="2026-05-28T18:56:49 IST" name="logoutCheck" finished-at="2026-05-28T18:56:52 IST" depends-on-methods="testcases.LoginTest.loginCheck" duration-ms="2800" status="PASS">
          <reporter-output>
          </reporter-output>
        </test-method> <!-- logoutCheck -->
        <test-method is-config="true" signature="close()[pri:0, instance:testcases.LoginTest@2d1ef81a]" started-at="2026-05-28T18:56:52 IST" name="close" finished-at="2026-05-28T18:56:52 IST" duration-ms="142" status="PASS">
          <reporter-output>
          </reporter-output>
        </test-method> <!-- close -->
      </class> <!-- testcases.LoginTest -->
    </test> <!-- Chrome Test -->
    <test started-at="2026-05-28T18:56:52 IST" name="Edge Test" finished-at="2026-05-28T18:57:02 IST" duration-ms="9773">
      <class name="testcases.LoginTest">
        <test-method is-config="true" signature="start(java.lang.String)[pri:0, instance:testcases.LoginTest@247bddad]" started-at="2026-05-28T18:56:52 IST" name="start" finished-at="2026-05-28T18:56:57 IST" duration-ms="4627" status="PASS">
          <params>
            <param index="0">
              <value>
                <![CDATA[edge]]>
              </value>
            </param>
          </params>
          <reporter-output>
          </reporter-output>
        </test-method> <!-- start -->
        <test-method signature="titleCheck()[pri:1, instance:testcases.LoginTest@247bddad]" started-at="2026-05-28T18:56:57 IST" name="titleCheck" finished-at="2026-05-28T18:56:57 IST" duration-ms="28" status="PASS">
          <reporter-output>
          </reporter-output>
        </test-method> <!-- titleCheck -->
        <test-method signature="textCheck()[pri:2, instance:testcases.LoginTest@247bddad]" started-at="2026-05-28T18:56:57 IST" name="textCheck" finished-at="2026-05-28T18:56:57 IST" depends-on-methods="testcases.LoginTest.titleCheck" duration-ms="325" status="PASS">
          <reporter-output>
          </reporter-output>
        </test-method> <!-- textCheck -->
        <test-method signature="loginCheck()[pri:3, instance:testcases.LoginTest@247bddad]" started-at="2026-05-28T18:56:57 IST" name="loginCheck" finished-at="2026-05-28T18:56:59 IST" depends-on-methods="testcases.LoginTest.textCheck" duration-ms="1613" status="PASS">
          <reporter-output>
          </reporter-output>
        </test-method> <!-- loginCheck -->
        <test-method signature="logoutCheck()[pri:4, instance:testcases.LoginTest@247bddad]" started-at="2026-05-28T18:56:59 IST" name="logoutCheck" finished-at="2026-05-28T18:57:02 IST" depends-on-methods="testcases.LoginTest.loginCheck" duration-ms="2939" status="PASS">
          <reporter-output>
          </reporter-output>
        </test-method> <!-- logoutCheck -->
        <test-method is-config="true" signature="close()[pri:0, instance:testcases.LoginTest@247bddad]" started-at="2026-05-28T18:57:02 IST" name="close" finished-at="2026-05-28T18:57:02 IST" duration-ms="214" status="PASS">
          <reporter-output>
          </reporter-output>
        </test-method> <!-- close -->
      </class> <!-- testcases.LoginTest -->
    </test> <!-- Edge Test -->
  </suite> <!-- OrangeHRM Suite -->
</testng-results>
