<?xml version="1.0" encoding="UTF-8"?>
<testng-results ignored="0" total="8" passed="8" failed="0" skipped="0">
  <reporter-output>
  </reporter-output>
  <suite started-at="2026-06-02T18:26:35 IST" name="OrangeHRM Suite" finished-at="2026-06-02T18:27:06 IST" duration-ms="31098">
    <groups>
    </groups>
    <test started-at="2026-06-02T18:26:35 IST" name="Chrome Test" finished-at="2026-06-02T18:26:53 IST" duration-ms="17792">
      <class name="testcases.LoginTest">
        <test-method is-config="true" signature="start(java.lang.String)[pri:0, instance:testcases.LoginTest@4c402120]" started-at="2026-06-02T18:26:35 IST" name="start" finished-at="2026-06-02T18:26:40 IST" duration-ms="4958" status="PASS">
          <params>
            <param index="0">
              <value>
                <![CDATA[chrome]]>
              </value>
            </param>
          </params>
          <reporter-output>
          </reporter-output>
        </test-method> <!-- start -->
        <test-method signature="verifyTitle()[pri:1, instance:testcases.LoginTest@4c402120]" started-at="2026-06-02T18:26:40 IST" name="verifyTitle" finished-at="2026-06-02T18:26:40 IST" duration-ms="68" status="PASS">
          <reporter-output>
          </reporter-output>
        </test-method> <!-- verifyTitle -->
        <test-method signature="verifyLoginText()[pri:2, instance:testcases.LoginTest@4c402120]" started-at="2026-06-02T18:26:40 IST" name="verifyLoginText" finished-at="2026-06-02T18:26:41 IST" depends-on-methods="testcases.LoginTest.verifyTitle" duration-ms="928" status="PASS">
          <reporter-output>
          </reporter-output>
        </test-method> <!-- verifyLoginText -->
        <test-method signature="verifyLogin()[pri:3, instance:testcases.LoginTest@4c402120]" started-at="2026-06-02T18:26:41 IST" name="verifyLogin" finished-at="2026-06-02T18:26:46 IST" depends-on-methods="testcases.LoginTest.verifyLoginText" duration-ms="4983" status="PASS">
          <reporter-output>
          </reporter-output>
        </test-method> <!-- verifyLogin -->
        <test-method signature="verifyLogout()[pri:4, instance:testcases.LoginTest@4c402120]" started-at="2026-06-02T18:26:46 IST" name="verifyLogout" finished-at="2026-06-02T18:26:52 IST" depends-on-methods="testcases.LoginTest.verifyLogin" duration-ms="6556" status="PASS">
          <reporter-output>
          </reporter-output>
        </test-method> <!-- verifyLogout -->
        <test-method is-config="true" signature="close()[pri:0, instance:testcases.LoginTest@4c402120]" started-at="2026-06-02T18:26:52 IST" name="close" finished-at="2026-06-02T18:26:53 IST" duration-ms="199" status="PASS">
          <reporter-output>
          </reporter-output>
        </test-method> <!-- close -->
      </class> <!-- testcases.LoginTest -->
    </test> <!-- Chrome Test -->
    <test started-at="2026-06-02T18:26:53 IST" name="Edge Test" finished-at="2026-06-02T18:27:06 IST" duration-ms="13250">
      <class name="testcases.LoginTest">
        <test-method is-config="true" signature="start(java.lang.String)[pri:0, instance:testcases.LoginTest@d35dea7]" started-at="2026-06-02T18:26:53 IST" name="start" finished-at="2026-06-02T18:26:59 IST" duration-ms="6858" status="PASS">
          <params>
            <param index="0">
              <value>
                <![CDATA[edge]]>
              </value>
            </param>
          </params>
          <reporter-output>
          </reporter-output>
        </test-method> <!-- start -->
        <test-method signature="verifyTitle()[pri:1, instance:testcases.LoginTest@d35dea7]" started-at="2026-06-02T18:26:59 IST" name="verifyTitle" finished-at="2026-06-02T18:26:59 IST" duration-ms="22" status="PASS">
          <reporter-output>
          </reporter-output>
        </test-method> <!-- verifyTitle -->
        <test-method signature="verifyLoginText()[pri:2, instance:testcases.LoginTest@d35dea7]" started-at="2026-06-02T18:26:59 IST" name="verifyLoginText" finished-at="2026-06-02T18:27:00 IST" depends-on-methods="testcases.LoginTest.verifyTitle" duration-ms="378" status="PASS">
          <reporter-output>
          </reporter-output>
        </test-method> <!-- verifyLoginText -->
        <test-method signature="verifyLogin()[pri:3, instance:testcases.LoginTest@d35dea7]" started-at="2026-06-02T18:27:00 IST" name="verifyLogin" finished-at="2026-06-02T18:27:02 IST" depends-on-methods="testcases.LoginTest.verifyLoginText" duration-ms="1942" status="PASS">
          <reporter-output>
          </reporter-output>
        </test-method> <!-- verifyLogin -->
        <test-method signature="verifyLogout()[pri:4, instance:testcases.LoginTest@d35dea7]" started-at="2026-06-02T18:27:02 IST" name="verifyLogout" finished-at="2026-06-02T18:27:06 IST" depends-on-methods="testcases.LoginTest.verifyLogin" duration-ms="3874" status="PASS">
          <reporter-output>
          </reporter-output>
        </test-method> <!-- verifyLogout -->
        <test-method is-config="true" signature="close()[pri:0, instance:testcases.LoginTest@d35dea7]" started-at="2026-06-02T18:27:06 IST" name="close" finished-at="2026-06-02T18:27:06 IST" duration-ms="162" status="PASS">
          <reporter-output>
          </reporter-output>
        </test-method> <!-- close -->
      </class> <!-- testcases.LoginTest -->
    </test> <!-- Edge Test -->
  </suite> <!-- OrangeHRM Suite -->
</testng-results>
