<?xml version="1.0" encoding="UTF-8"?>
<!-- Generated by org.testng.reporters.JUnitXMLReporter -->
<testsuite ignored="0" hostname="Acer" failures="0" tests="4" name="Chrome Test" time="17.792" errors="0" timestamp="2026-06-02T18:26:53 IST">
  <testcase classname="testcases.LoginTest" name="verifyTitle" time="0.068"/>
  <testcase classname="testcases.LoginTest" name="verifyLoginText" time="0.928"/>
  <testcase classname="testcases.LoginTest" name="verifyLogin" time="4.983"/>
  <testcase classname="testcases.LoginTest" name="verifyLogout" time="6.556"/>
</testsuite> <!-- Chrome Test -->
