<?xml version="1.0" encoding="UTF-8"?>
<!-- Generated by org.testng.reporters.JUnitXMLReporter -->
<testsuite ignored="0" hostname="Acer" failures="0" tests="4" name="Chrome Test" time="11.396" errors="0" timestamp="2026-05-28T18:56:52 IST">
  <testcase classname="testcases.LoginTest" name="titleCheck" time="0.076"/>
  <testcase classname="testcases.LoginTest" name="textCheck" time="0.519"/>
  <testcase classname="testcases.LoginTest" name="loginCheck" time="1.636"/>
  <testcase classname="testcases.LoginTest" name="logoutCheck" time="2.8"/>
</testsuite> <!-- Chrome Test -->
