<?xml version="1.0" encoding="UTF-8"?>
<!-- Generated by org.testng.reporters.JUnitXMLReporter -->
<testsuite ignored="0" hostname="Acer" failures="0" tests="4" name="Edge Test" time="9.773" errors="0" timestamp="2026-05-28T18:57:02 IST">
  <testcase classname="testcases.LoginTest" name="titleCheck" time="0.028"/>
  <testcase classname="testcases.LoginTest" name="textCheck" time="0.325"/>
  <testcase classname="testcases.LoginTest" name="loginCheck" time="1.613"/>
  <testcase classname="testcases.LoginTest" name="logoutCheck" time="2.939"/>
</testsuite> <!-- Edge Test -->
