<?xml version="1.0" encoding="UTF-8"?>
<!-- Generated by org.testng.reporters.JUnitXMLReporter -->
<testsuite ignored="0" hostname="Acer" failures="0" tests="4" name="Edge Test" time="11.917" errors="0" timestamp="2026-05-26T22:58:32 IST">
  <testcase classname="testcases.LoginTest" name="titleCheck" time="0.012"/>
  <testcase classname="testcases.LoginTest" name="textCheck" time="0.334"/>
  <testcase classname="testcases.LoginTest" name="loginCheck" time="1.993"/>
  <testcase classname="testcases.LoginTest" name="logoutCheck" time="3.265"/>
</testsuite> <!-- Edge Test -->
