<?xml version="1.0" encoding="UTF-8"?>
<!-- Generated by org.testng.reporters.JUnitXMLReporter -->
<testsuite ignored="0" hostname="Acer" failures="0" tests="4" name="Login Test" time="11.754" errors="0" timestamp="2026-05-25T17:12:49 IST">
  <testcase classname="testcases.LoginTest" name="titleCheck" time="0.034"/>
  <testcase classname="testcases.LoginTest" name="textCheck" time="0.272"/>
  <testcase classname="testcases.LoginTest" name="loginCheck" time="1.997"/>
  <testcase classname="testcases.LoginTest" name="logoutCheck" time="3.212"/>
</testsuite> <!-- Login Test -->
